2025-09-18 02:37:39,761 - MainProcess - INFO - main - Starting application...
2025-09-18 02:37:39,769 - MainProcess - INFO - main - Running initial funding rate check...
2025-09-18 02:37:39,770 - MainProcess - ERROR - main - Error in monitoring scheduler: This event loop is already running
2025-09-18 02:37:39,771 - MainProcess - INFO - main - Monitoring scheduler started, checking every 3600 seconds
2025-09-18 02:37:39,771 - MainProcess - INFO - main - Monitoring system started successfully
2025-09-18 02:38:10,635 - MainProcess - INFO - main - Starting funding rate data check...
2025-09-18 02:38:10,653 - MainProcess - ERROR - main - Error checking API: Cannot connect to host localhost:8000 ssl:default [Connect call failed ('127.0.0.1', 8000)]
2025-09-18 02:38:16,098 - MainProcess - INFO - main - Telegram message sent successfully
2025-09-18 02:38:16,098 - MainProcess - WARNING - main - Detected 5 symbols missing data: ['BTCUSDT', 'ETHUSDT', 'BNBUSDT', 'ADAUSDT', 'XRPUSDT']
2025-09-18 02:38:58,126 - MainProcess - INFO - main - Starting funding rate data check...
2025-09-18 02:38:58,134 - MainProcess - ERROR - main - Error checking API: Cannot connect to host localhost:8000 ssl:default [Connect call failed ('127.0.0.1', 8000)]
2025-09-18 02:38:59,476 - MainProcess - INFO - main - Telegram message sent successfully
2025-09-18 02:38:59,476 - MainProcess - WARNING - main - Detected 5 symbols missing data: ['BTCUSDT', 'ETHUSDT', 'BNBUSDT', 'ADAUSDT', 'XRPUSDT']
2025-09-18 14:08:51,748 - MainProcess - INFO - main - Starting application...
2025-09-18 14:08:51,748 - MainProcess - INFO - main - Application started successfully
2025-09-18 14:08:51,748 - MainProcess - INFO - main - Shutting down application...
2025-09-18 14:08:51,748 - MainProcess - INFO - main - Application stopped successfully
2025-09-18 15:04:02,684 - MainProcess - INFO - main - Starting application...
2025-09-18 15:04:02,684 - MainProcess - INFO - main - Application started successfully
2025-09-18 15:04:02,685 - MainProcess - INFO - main - Shutting down application...
2025-09-18 15:04:02,685 - MainProcess - INFO - main - Application stopped successfully
2025-09-18 15:08:32,697 - MainProcess - INFO - main - Starting application...
2025-09-18 15:08:32,697 - MainProcess - INFO - main - Application started successfully
2025-09-18 15:08:32,697 - MainProcess - INFO - main - Shutting down application...
2025-09-18 15:08:32,697 - MainProcess - INFO - main - Application stopped successfully
2025-09-18 15:08:36,617 - MainProcess - INFO - main - Starting application...
2025-09-18 15:08:36,617 - MainProcess - INFO - main - Application started successfully
2025-09-18 15:08:36,618 - MainProcess - INFO - main - Shutting down application...
2025-09-18 15:08:36,618 - MainProcess - INFO - main - Application stopped successfully
2025-09-18 15:13:35,163 - MainProcess - INFO - main - Starting application...
2025-09-18 15:13:35,163 - MainProcess - INFO - main - Application started successfully
2025-09-18 15:13:35,163 - MainProcess - INFO - main - Shutting down application...
2025-09-18 15:13:35,163 - MainProcess - INFO - main - Application stopped successfully
2025-09-18 15:17:54,378 - MainProcess - INFO - main - Starting application...
2025-09-18 15:17:54,378 - MainProcess - INFO - main - Application started successfully
2025-09-18 15:24:17,145 - MainProcess - INFO - main - Shutting down application...
2025-09-18 15:24:17,146 - MainProcess - INFO - main - Application stopped successfully
2025-09-18 15:24:21,389 - MainProcess - INFO - main - Starting application...
2025-09-18 15:24:21,389 - MainProcess - INFO - main - Application started successfully
2025-09-18 15:25:05,271 - MainProcess - INFO - main - Starting funding rate data check...
2025-09-18 15:25:05,271 - MainProcess - INFO - main - Not in funding rate check window. Next: 2025-09-18 16:00:00
2025-09-18 15:37:40,577 - MainProcess - INFO - main - Starting application...
2025-09-18 15:37:40,577 - MainProcess - INFO - main - Application started successfully
2025-09-18 15:37:40,577 - MainProcess - INFO - main - Shutting down application...
2025-09-18 15:37:40,577 - MainProcess - INFO - main - Application stopped successfully
2025-09-18 15:38:17,866 - MainProcess - INFO - main - Starting application...
2025-09-18 15:38:17,866 - MainProcess - INFO - main - Application started successfully
2025-09-18 15:38:17,867 - MainProcess - INFO - main - Shutting down application...
2025-09-18 15:38:17,867 - MainProcess - INFO - main - Application stopped successfully
2025-09-18 15:38:42,671 - MainProcess - INFO - main - Starting application...
2025-09-18 15:38:42,671 - MainProcess - INFO - main - Application started successfully
2025-09-18 15:38:42,671 - MainProcess - INFO - main - Shutting down application...
2025-09-18 15:38:42,671 - MainProcess - INFO - main - Application stopped successfully
2025-09-18 15:39:00,057 - MainProcess - INFO - main - Starting funding rate data check...
2025-09-18 15:39:00,057 - MainProcess - INFO - main - Not in funding rate check window. Next: 2025-09-18 16:00:00
2025-09-18 15:40:14,022 - MainProcess - INFO - main - Starting funding rate data check...
2025-09-18 15:40:14,022 - MainProcess - INFO - main - Not in funding rate check window. Next: 2025-09-18 16:00:00
2025-09-18 15:40:33,736 - MainProcess - INFO - main - Starting application...
2025-09-18 15:40:33,736 - MainProcess - INFO - main - Application started successfully
2025-09-18 15:40:46,934 - MainProcess - INFO - main - Checking funding rate data...
2025-09-18 15:40:58,447 - MainProcess - INFO - main - Checking BTC dominance realtime data...
2025-09-18 15:40:58,459 - MainProcess - WARNING - main - BTC DOMINANCE ALERT: Data is 520.97 minutes old (tolerance: 30 minutes)
2025-09-18 15:41:00,418 - MainProcess - INFO - main - Checking BTC dominance realtime data...
2025-09-18 15:41:00,429 - MainProcess - WARNING - main - BTC DOMINANCE ALERT: Data is 521.01 minutes old (tolerance: 30 minutes)
2025-09-18 15:41:19,143 - MainProcess - INFO - main - Checking funding rate data...
2025-09-18 15:41:29,513 - MainProcess - INFO - main - Checking BTC dominance realtime data...
2025-09-18 15:41:29,515 - MainProcess - WARNING - main - BTC DOMINANCE ALERT: Data is 521.49 minutes old (tolerance: 30 minutes)
2025-09-18 15:47:18,215 - MainProcess - INFO - main - Shutting down application...
2025-09-18 15:47:18,215 - MainProcess - INFO - main - Application stopped successfully
2025-09-18 15:47:20,368 - MainProcess - INFO - main - Starting application...
2025-09-18 15:47:20,368 - MainProcess - INFO - main - Application started successfully
2025-09-18 15:48:31,464 - MainProcess - INFO - main - Checking funding rate data for all cycles...
2025-09-18 15:48:57,878 - MainProcess - INFO - main - Checking BTC dominance data for today...
2025-09-18 15:48:57,882 - MainProcess - INFO - main - Found 1 BTC dominance records for today
2025-09-18 15:54:52,313 - MainProcess - INFO - main - Checking funding rate data for all cycles...
2025-09-22 08:50:42,175 - MainProcess - INFO - main - Checking funding rate data for all cycles...
2025-09-22 08:57:16,269 - MainProcess - INFO - main - Checking funding rate data for all cycles...
2025-09-22 08:57:23,052 - MainProcess - INFO - main - Checking funding rate data for all cycles...
2025-09-22 09:01:53,224 - MainProcess - INFO - main - Checking BTC dominance data for today...
2025-09-22 09:01:53,234 - MainProcess - INFO - main - Found 1 BTC dominance records for today
2025-09-22 09:02:01,913 - MainProcess - INFO - main - Checking BTC dominance data for today...
2025-09-22 09:02:01,915 - MainProcess - INFO - main - Found 1 BTC dominance records for today
2025-09-22 13:03:41,114 - MainProcess - INFO - main - Checking funding rate data for all cycles...
2025-09-22 13:03:41,121 - MainProcess - WARNING - main - FUNDING RATE 1H ALERT: 3 symbols missing data at 2025-09-22 13:00:00: BTCUSDT, ETHUSDT, BNBUSDT
2025-09-22 13:03:57,341 - MainProcess - INFO - main - Checking BTC dominance data for today...
2025-09-22 13:03:57,351 - MainProcess - INFO - main - Found 1 BTC dominance records for today
2025-09-22 13:03:59,073 - MainProcess - INFO - main - Checking BTC dominance data for today...
2025-09-22 13:03:59,084 - MainProcess - INFO - main - Found 1 BTC dominance records for today
2025-09-22 17:22:06,241 - MainProcess - INFO - main - Shutting down application...
2025-09-22 17:22:06,248 - MainProcess - INFO - main - Application stopped successfully
2025-09-22 17:22:10,498 - MainProcess - INFO - main - Starting application...
2025-09-22 17:22:10,498 - MainProcess - INFO - main - Application started successfully
